# JRE version: OpenJDK Runtime Environment (8.0_242-b01) (build 1.8.0_242-release-1644-b01)
# Java VM: OpenJDK 64-Bit Server VM (25.242-b01 mixed mode windows-amd64 compressed oops)
Heap:
 PSYoungGen      total 569856K, used 393395K [0x00000000d5580000, 0x00000000fa680000, 0x0000000100000000)
  eden space 545280K, 67% used [0x00000000d5580000,0x00000000ebdb3910,0x00000000f6a00000)
  from space 24576K, 99% used [0x00000000f8680000,0x00000000f9e794c8,0x00000000f9e80000)
  to   space 29184K, 0% used [0x00000000f6a00000,0x00000000f6a00000,0x00000000f8680000)
 ParOldGen       total 480256K, used 38837K [0x0000000080000000, 0x000000009d500000, 0x00000000d5580000)
  object space 480256K, 8% used [0x0000000080000000,0x00000000825ed6d8,0x000000009d500000)
 Metaspace       used 76767K, capacity 79988K, committed 80280K, reserved 1118208K
  class space    used 10007K, capacity 10623K, committed 10672K, reserved 1048576K
GC Heap History (10 events):
Event: 45.312 GC heap before
{Heap before GC invocations=13 (full 2):
 PSYoungGen      total 415744K, used 415388K [0x00000000d5580000, 0x00000000f0900000, 0x0000000100000000)
  eden space 402432K, 100% used [0x00000000d5580000,0x00000000ede80000,0x00000000ede80000)
  from space 13312K, 97% used [0x00000000efc00000,0x00000000f08a7268,0x00000000f0900000)
  to   space 20480K, 0% used [0x00000000ee100000,0x00000000ee100000,0x00000000ef500000)
 ParOldGen       total 338432K, used 12565K [0x0000000080000000, 0x0000000094a80000, 0x00000000d5580000)
  object space 338432K, 3% used [0x0000000080000000,0x0000000080c45450,0x0000000094a80000)
 Metaspace       used 48409K, capacity 50042K, committed 50352K, reserved 1093632K
  class space    used 6137K, capacity 6500K, committed 6576K, reserved 1048576K
Event: 45.320 GC heap after
Heap after GC invocations=13 (full 2):
 PSYoungGen      total 425472K, used 14514K [0x00000000d5580000, 0x00000000f3980000, 0x0000000100000000)
  eden space 404992K, 0% used [0x00000000d5580000,0x00000000d5580000,0x00000000ee100000)
  from space 20480K, 70% used [0x00000000ee100000,0x00000000eef2cae8,0x00000000ef500000)
  to   space 20992K, 0% used [0x00000000f2500000,0x00000000f2500000,0x00000000f3980000)
 ParOldGen       total 338432K, used 12581K [0x0000000080000000, 0x0000000094a80000, 0x00000000d5580000)
  object space 338432K, 3% used [0x0000000080000000,0x0000000080c49450,0x0000000094a80000)
 Metaspace       used 48409K, capacity 50042K, committed 50352K, reserved 1093632K
  class space    used 6137K, capacity 6500K, committed 6576K, reserved 1048576K
}
Event: 47.544 GC heap before
{Heap before GC invocations=14 (full 2):
 PSYoungGen      total 425472K, used 419506K [0x00000000d5580000, 0x00000000f3980000, 0x0000000100000000)
  eden space 404992K, 100% used [0x00000000d5580000,0x00000000ee100000,0x00000000ee100000)
  from space 20480K, 70% used [0x00000000ee100000,0x00000000eef2cae8,0x00000000ef500000)
  to   space 20992K, 0% used [0x00000000f2500000,0x00000000f2500000,0x00000000f3980000)
 ParOldGen       total 338432K, used 12581K [0x0000000080000000, 0x0000000094a80000, 0x00000000d5580000)
  object space 338432K, 3% used [0x0000000080000000,0x0000000080c49450,0x0000000094a80000)
 Metaspace       used 48411K, capacity 50042K, committed 50352K, reserved 1093632K
  class space    used 6137K, capacity 6500K, committed 6576K, reserved 1048576K
Event: 47.551 GC heap after
Heap after GC invocations=14 (full 2):
 PSYoungGen      total 475136K, used 12959K [0x00000000d5580000, 0x00000000f3a00000, 0x0000000100000000)
  eden space 454144K, 0% used [0x00000000d5580000,0x00000000d5580000,0x00000000f1100000)
  from space 20992K, 61% used [0x00000000f2500000,0x00000000f31a7d48,0x00000000f3980000)
  to   space 20480K, 0% used [0x00000000f1100000,0x00000000f1100000,0x00000000f2500000)
 ParOldGen       total 338432K, used 12589K [0x0000000080000000, 0x0000000094a80000, 0x00000000d5580000)
  object space 338432K, 3% used [0x0000000080000000,0x0000000080c4b450,0x0000000094a80000)
 Metaspace       used 48411K, capacity 50042K, committed 50352K, reserved 1093632K
  class space    used 6137K, capacity 6500K, committed 6576K, reserved 1048576K
}
Event: 48.571 GC heap before
{Heap before GC invocations=15 (full 2):
 PSYoungGen      total 475136K, used 122474K [0x00000000d5580000, 0x00000000f3a00000, 0x0000000100000000)
  eden space 454144K, 24% used [0x00000000d5580000,0x00000000dc072c48,0x00000000f1100000)
  from space 20992K, 61% used [0x00000000f2500000,0x00000000f31a7d48,0x00000000f3980000)
  to   space 20480K, 0% used [0x00000000f1100000,0x00000000f1100000,0x00000000f2500000)
 ParOldGen       total 338432K, used 12589K [0x0000000080000000, 0x0000000094a80000, 0x00000000d5580000)
  object space 338432K, 3% used [0x0000000080000000,0x0000000080c4b450,0x0000000094a80000)
 Metaspace       used 57118K, capacity 59042K, committed 59160K, reserved 1101824K
  class space    used 7271K, capacity 7699K, committed 7728K, reserved 1048576K
Event: 48.591 GC heap after
Heap after GC invocations=15 (full 2):
 PSYoungGen      total 474624K, used 20454K [0x00000000d5580000, 0x00000000f9e80000, 0x0000000100000000)
  eden space 454144K, 0% used [0x00000000d5580000,0x00000000d5580000,0x00000000f1100000)
  from space 20480K, 99% used [0x00000000f1100000,0x00000000f24f9bc0,0x00000000f2500000)
  to   space 24576K, 0% used [0x00000000f8680000,0x00000000f8680000,0x00000000f9e80000)
 ParOldGen       total 338432K, used 16915K [0x0000000080000000, 0x0000000094a80000, 0x00000000d5580000)
  object space 338432K, 4% used [0x0000000080000000,0x0000000081084df0,0x0000000094a80000)
 Metaspace       used 57118K, capacity 59042K, committed 59160K, reserved 1101824K
  class space    used 7271K, capacity 7699K, committed 7728K, reserved 1048576K
}
Event: 48.591 GC heap before
{Heap before GC invocations=16 (full 3):
 PSYoungGen      total 474624K, used 20454K [0x00000000d5580000, 0x00000000f9e80000, 0x0000000100000000)
  eden space 454144K, 0% used [0x00000000d5580000,0x00000000d5580000,0x00000000f1100000)
  from space 20480K, 99% used [0x00000000f1100000,0x00000000f24f9bc0,0x00000000f2500000)
  to   space 24576K, 0% used [0x00000000f8680000,0x00000000f8680000,0x00000000f9e80000)
 ParOldGen       total 338432K, used 16915K [0x0000000080000000, 0x0000000094a80000, 0x00000000d5580000)
  object space 338432K, 4% used [0x0000000080000000,0x0000000081084df0,0x0000000094a80000)
 Metaspace       used 57118K, capacity 59042K, committed 59160K, reserved 1101824K
  class space    used 7271K, capacity 7699K, committed 7728K, reserved 1048576K
Event: 48.786 GC heap after
Heap after GC invocations=16 (full 3):
 PSYoungGen      total 474624K, used 0K [0x00000000d5580000, 0x00000000f9e80000, 0x0000000100000000)
  eden space 454144K, 0% used [0x00000000d5580000,0x00000000d5580000,0x00000000f1100000)
  from space 20480K, 0% used [0x00000000f1100000,0x00000000f1100000,0x00000000f2500000)
  to   space 24576K, 0% used [0x00000000f8680000,0x00000000f8680000,0x00000000f9e80000)
 ParOldGen       total 480256K, used 35988K [0x0000000080000000, 0x000000009d500000, 0x00000000d5580000)
  object space 480256K, 7% used [0x0000000080000000,0x0000000082325368,0x000000009d500000)
 Metaspace       used 56993K, capacity 58764K, committed 59160K, reserved 1101824K
  class space    used 7236K, capacity 7655K, committed 7728K, reserved 1048576K
}
Event: 74.310 GC heap before
{Heap before GC invocations=17 (full 3):
 PSYoungGen      total 474624K, used 454144K [0x00000000d5580000, 0x00000000f9e80000, 0x0000000100000000)
  eden space 454144K, 100% used [0x00000000d5580000,0x00000000f1100000,0x00000000f1100000)
  from space 20480K, 0% used [0x00000000f1100000,0x00000000f1100000,0x00000000f2500000)
  to   space 24576K, 0% used [0x00000000f8680000,0x00000000f8680000,0x00000000f9e80000)
 ParOldGen       total 480256K, used 35988K [0x0000000080000000, 0x000000009d500000, 0x00000000d5580000)
  object space 480256K, 7% used [0x0000000080000000,0x0000000082325368,0x000000009d500000)
 Metaspace       used 73082K, capacity 75696K, committed 75928K, reserved 1116160K
  class space    used 9557K, capacity 10103K, committed 10160K, reserved 1048576K
Event: 74.331 GC heap after
Heap after GC invocations=17 (full 3):
 PSYoungGen      total 569856K, used 24549K [0x00000000d5580000, 0x00000000fa680000, 0x0000000100000000)
  eden space 545280K, 0% used [0x00000000d5580000,0x00000000d5580000,0x00000000f6a00000)
  from space 24576K, 99% used [0x00000000f8680000,0x00000000f9e794c8,0x00000000f9e80000)
  to   space 29184K, 0% used [0x00000000f6a00000,0x00000000f6a00000,0x00000000f8680000)
 ParOldGen       total 480256K, used 38837K [0x0000000080000000, 0x000000009d500000, 0x00000000d5580000)
  object space 480256K, 8% used [0x0000000080000000,0x00000000825ed6d8,0x000000009d500000)
 Metaspace       used 73082K, capacity 75696K, committed 75928K, reserved 1116160K
  class space    used 9557K, capacity 10103K, committed 10160K, reserved 1048576K
}

